{"timestamp":"2025-09-05T09:26:12.093Z","actor":"FileLoader","event":"FILE_LOAD_START","resource":"src/config/api/apiLib.json","status":"INIT"}
{"timestamp":"2025-09-05T09:26:12.095Z","actor":"FileLoader","event":"FILE_LOADED","resource":"src/config/api/apiLib.json","status":"SUCCESS","details":{"fingerprint":"582e1ffe87130c9661998ecb73dda9a4057c37bf08bdec4a2afbb57933d046a9"}}
{"timestamp":"2025-09-05T09:26:12.095Z","actor":"FileLoader","event":"FILE_LOAD_START","resource":"src/config/api/AtlassianApiLib.json","status":"INIT"}
{"timestamp":"2025-09-05T09:26:12.095Z","actor":"FileLoader","event":"FILE_LOADED","resource":"src/config/api/AtlassianApiLib.json","status":"SUCCESS","details":{"fingerprint":"b5b767eed3ef528e92c5bfe9f8144d10690c819626ea2d16939b1fcb7afae908"}}
{"timestamp":"2025-09-05T09:26:12.095Z","actor":"ApiServiceManager","event":"SYNC_RUN_START","resource":"Atlassian","status":"STARTED","details":{"params":{"endpoint":"getProjects"},"adapter":"Atlassian","run_id":"fa2bf74e-aa68-4fe0-b5c6-2ec997cfa9bf"}}
{"timestamp":"2025-09-05T09:26:13.064Z","actor":"system","event":"SYNC_STEP","status":"INFO","details":{"step":"FETCH_DONE","message":"Fetched 40 items","run_id":"fa2bf74e-aa68-4fe0-b5c6-2ec997cfa9bf","endpoint":"getProjects","vendor":"Atlassian"}}
{"timestamp":"2025-09-05T09:26:13.065Z","actor":"system","event":"SYNC_RUN_END","status":"SUCCESS","details":{"run_id":"fa2bf74e-aa68-4fe0-b5c6-2ec997cfa9bf","error":null}}
{"timestamp":"2025-09-05T09:27:38.488Z","actor":"FileLoader","event":"FILE_LOAD_START","resource":"src/config/api/apiLib.json","status":"INIT"}
{"timestamp":"2025-09-05T09:27:38.490Z","actor":"FileLoader","event":"FILE_LOADED","resource":"src/config/api/apiLib.json","status":"SUCCESS","details":{"fingerprint":"582e1ffe87130c9661998ecb73dda9a4057c37bf08bdec4a2afbb57933d046a9"}}
{"timestamp":"2025-09-05T09:27:38.490Z","actor":"FileLoader","event":"FILE_LOAD_START","resource":"src/config/api/AtlassianApiLib.json","status":"INIT"}
{"timestamp":"2025-09-05T09:27:38.490Z","actor":"FileLoader","event":"FILE_LOADED","resource":"src/config/api/AtlassianApiLib.json","status":"SUCCESS","details":{"fingerprint":"b5b767eed3ef528e92c5bfe9f8144d10690c819626ea2d16939b1fcb7afae908"}}
{"timestamp":"2025-09-05T09:27:38.490Z","actor":"ApiServiceManager","event":"SYNC_RUN_START","resource":"Atlassian","status":"STARTED","details":{"params":{"endpoint":"getProjects"},"adapter":"Atlassian","run_id":"ba7addbb-8021-4661-93ac-c43502223cb6"}}
{"timestamp":"2025-09-05T09:27:39.315Z","actor":"system","event":"SYNC_STEP","status":"INFO","details":{"step":"FETCH_DONE","message":"Fetched 40 items","run_id":"ba7addbb-8021-4661-93ac-c43502223cb6","endpoint":"getProjects","vendor":"Atlassian"}}
{"timestamp":"2025-09-05T09:27:39.316Z","actor":"system","event":"SYNC_RUN_END","status":"SUCCESS","details":{"run_id":"ba7addbb-8021-4661-93ac-c43502223cb6","error":null}}
{"timestamp":"2025-09-05T09:43:04.849Z","actor":"FileLoader","event":"FILE_LOAD_START","resource":"src/config/api/apiLib.json","status":"INIT","hmac":"fbe2d086b96c5d717756cdf0018efcb099481eb4efc451b3f98391c71792b728"}
{"timestamp":"2025-09-05T09:43:04.850Z","actor":"FileLoader","event":"FILE_LOADED","resource":"src/config/api/apiLib.json","status":"SUCCESS","details":{"fingerprint":"582e1ffe87130c9661998ecb73dda9a4057c37bf08bdec4a2afbb57933d046a9"},"hmac":"bbf9239354d9219054e06a303b260a94432e10e7d12dc3a7163cbd2ba02eebdf"}
{"timestamp":"2025-09-05T09:43:04.850Z","actor":"FileLoader","event":"FILE_LOAD_START","resource":"src/config/api/AtlassianApiLib.json","status":"INIT","hmac":"2b585860bedf525785f2107ea789a8f35220c936fc8766dc0845e244555aded1"}
{"timestamp":"2025-09-05T09:43:04.851Z","actor":"FileLoader","event":"FILE_LOADED","resource":"src/config/api/AtlassianApiLib.json","status":"SUCCESS","details":{"fingerprint":"b5b767eed3ef528e92c5bfe9f8144d10690c819626ea2d16939b1fcb7afae908"},"hmac":"7cea7bd73bf7acbf69545dfb28e1069ea69c729a7e8e294da7e7a25614ec8913"}
{"timestamp":"2025-09-05T09:43:04.851Z","actor":"ApiServiceManager","event":"SYNC_RUN_START","resource":"Atlassian","status":"STARTED","details":{"params":{"endpoint":"getProjects"},"adapter":"Atlassian","run_id":"fec59d56-dcc8-40d6-a8af-5125d402c90a"},"hmac":"e27a4c90eed80355f871a843689a75ffffab9e75fbfbc55055e3a7f5d0ef2721"}
{"timestamp":"2025-09-05T09:43:05.763Z","actor":"system","event":"SYNC_STEP","status":"INFO","details":{"step":"FETCH_DONE","message":"Fetched 40 items","run_id":"fec59d56-dcc8-40d6-a8af-5125d402c90a","endpoint":"getProjects","vendor":"Atlassian"},"hmac":"6fa33877333fb3c51e5678b903fd63f1d2044b6c77b988b885ecd319a76e89ca"}
{"timestamp":"2025-09-05T09:43:05.766Z","actor":"system","event":"SYNC_RUN_END","status":"SUCCESS","details":{"run_id":"fec59d56-dcc8-40d6-a8af-5125d402c90a","error":null},"hmac":"330ef5432365d5eae4d3a277278b268b71a6af671b87c468830ffb78f2bba832"}
{"timestamp":"2025-09-05T10:02:55.292Z","actor":"FileLoader","event":"FILE_LOAD_START","resource":"reload.txt","status":"INIT","hmac":"b46e8c921065a550a440511c13c81aea868072ff474025e7ecfa0b562fe732c1"}
{"timestamp":"2025-09-05T10:02:55.292Z","actor":"FileLoader","event":"FILE_LOADED","resource":"reload.txt","status":"SUCCESS","details":{"fingerprint":"ac1b5c0961a7269b6a053ee64276ed0e20a7f48aefb9f67519539d23aaf10149"},"hmac":"ebe8ac299c49000c9440011f28e7c34d5a12ca2eaf118a5a0b1a943099908183"}
{"timestamp":"2025-09-05T10:02:55.292Z","actor":"FileLoader","event":"FILE_LOAD_START","resource":"reload.txt","status":"INIT","hmac":"b46e8c921065a550a440511c13c81aea868072ff474025e7ecfa0b562fe732c1"}
{"timestamp":"2025-09-05T10:02:55.300Z","actor":"FileLoader","event":"FILE_LOAD_START","resource":"reload.txt","status":"INIT","hmac":"99d35ba39e6cd310e7d46daae201657d2bcf65942808018b1ac5e707130045bc"}
{"timestamp":"2025-09-05T10:02:55.308Z","actor":"FileLoader","event":"FILE_LOAD_START","resource":"test.json","status":"INIT","hmac":"81ab2fba01a0e6940699fa0d2620e4959741c9391d59c57e2612c7a5f5092c51"}
{"timestamp":"2025-09-05T10:02:55.310Z","actor":"FileLoader","event":"FILE_LOADED","resource":"test.json","status":"SUCCESS","details":{"fingerprint":"7a38bf81f383f69433ad6e900d35b3e2385593f76a7b7ab5d4355b8ba41ee24b"},"hmac":"527ba96873660d0bf89da4f451bc6d40da5e1ff78647a1f161c0f3ea9c2ac5e0"}
{"timestamp":"2025-09-05T10:02:55.312Z","actor":"FileLoader","event":"FILE_LOAD_START","resource":"test.json","status":"INIT","hmac":"0b05146735858e7794a5938dbdc3d2a651b19b89a4d2ab34566e4aaccfad3c13"}
{"timestamp":"2025-09-05T10:02:55.315Z","actor":"FileLoader","event":"FILE_LOAD_START","resource":"test.json","status":"INIT","hmac":"e95c5651d3057347a1beb70f4fae7a82a2ae986011e3753a374e868e2015fdc5"}
{"timestamp":"2025-09-05T10:02:55.316Z","actor":"FileLoader","event":"FILE_LOADED","resource":"test.json","status":"SUCCESS","details":{"fingerprint":"7a38bf81f383f69433ad6e900d35b3e2385593f76a7b7ab5d4355b8ba41ee24b"},"hmac":"050f8e306276155f3acf45fd1f86d8b899604534768fcb81d1fd77e77aaf4553"}
{"timestamp":"2025-09-05T10:02:55.316Z","actor":"FileLoader","event":"FILE_LOAD_START","resource":"other.json","status":"INIT","hmac":"61bb3c680aaf603e3715e1a3fd239a7ddb6b21c558302c5c552150ec2ca2188d"}
{"timestamp":"2025-09-05T10:02:55.316Z","actor":"FileLoader","event":"FILE_LOADED","resource":"other.json","status":"SUCCESS","details":{"fingerprint":"c450c726579d41e1daa46158c07c1ed4a81dddc5e8dcb96ad729bca95e0e6fac"},"hmac":"7b01a8d3da0971a7918cad15552bf943902f7190cf1886413374e20fe471c3c9"}
{"timestamp":"2025-09-05T10:02:55.300Z","actor":"FileLoader","event":"FILE_LOADED","resource":"reload.txt","status":"SUCCESS","details":{"fingerprint":"ac1b5c0961a7269b6a053ee64276ed0e20a7f48aefb9f67519539d23aaf10149"},"hmac":"caca0f69dd5c439012b69c07577dfbec905d55eedcdc7ab4903e7eb5ff35c06b"}
{"timestamp":"2025-09-05T10:02:55.407Z","actor":"FileLoader","event":"FILE_LOAD_STREAM_START","resource":"stream.txt","status":"INIT","hmac":"96db3cb0fa252f25c5d0a1228a5bd7c0df60276d6cfea9cf8ea483dc04b110ae"}
{"timestamp":"2025-09-05T10:02:55.408Z","actor":"FileLoader","event":"FILE_LOAD_STREAM_END","resource":"stream.txt","status":"SUCCESS","hmac":"43b5031d114b0e3e9d049570e26be045890397a3ec56fd808886e8143ad01985"}
{"timestamp":"2025-09-05T10:02:55.317Z","actor":"FileLoader","event":"FILE_LOAD_START","resource":"test.json","status":"INIT","hmac":"ec91bac4e50c3522e06046ee2add8f19242a1b8bad00b075bac0d8aad10f81c6"}
{"timestamp":"2025-09-05T10:02:55.421Z","actor":"FileLoader","event":"FILE_LOAD_STREAM_START","resource":"stream.txt","status":"INIT","hmac":"a566c75aab7461c8e807305583a7b0f66223e8e8beab3cf7231ebc55a7f2e8d8"}
{"timestamp":"2025-09-05T10:02:55.422Z","actor":"FileLoader","event":"FILE_LOAD_STREAM_END","resource":"stream.txt","status":"SUCCESS","hmac":"267b5ae5a209be1817cdafb2214ec84f7720bba658b27c0a26442be40bd18830"}
{"timestamp":"2025-09-05T10:02:55.430Z","actor":"FileLoader","event":"FILE_LOAD_STREAM_START","resource":"nope.txt","status":"INIT","hmac":"7d4e573f3381c1430eceeff37bcae32ae71642e070dbfd23259223137300f2fc"}
{"timestamp":"2025-09-05T10:02:55.432Z","actor":"FileLoader","event":"FILE_LOAD_STREAM_END","resource":"nope.txt","status":"SUCCESS","hmac":"8c2bd61a184b2317681c37cd18df0d3f92766c222010e697ae4516a12912002f"}
{"timestamp":"2025-09-05T10:02:55.504Z","actor":"FileLoader","event":"FILE_LOAD_START","resource":"foo.txt","status":"INIT","hmac":"3e993ce7b1d6adc0ebd114a9dd7cc266e27cd3776e36393ed80307edf1d45a9f"}
{"timestamp":"2025-09-05T10:02:55.516Z","actor":"FileLoader","event":"FILE_LOADED","resource":"foo.txt","status":"SUCCESS","details":{"fingerprint":"ac1b5c0961a7269b6a053ee64276ed0e20a7f48aefb9f67519539d23aaf10149"},"hmac":"8fb1db8e3222a8a07635f27ae889a6581484d1534e862ba686b2ec5dfb991a11"}
{"timestamp":"2025-09-05T10:02:55.519Z","actor":"FileLoader","event":"FILE_LOAD_START","resource":"foo.txt","status":"INIT","hmac":"2837e8dfb3e4f0ccf7c1ff607e7a2826ca2d7685f4131e413a6fb8281a6572a9"}
{"timestamp":"2025-09-05T10:02:55.522Z","actor":"FileLoader","event":"FILE_LOAD_START","resource":"foo.txt","status":"INIT","hmac":"06a5264333ca3fbb14093e969053d20b0dc79e551e991373f1294f7a18ba3bc6"}
{"timestamp":"2025-09-05T10:02:55.522Z","actor":"FileLoader","event":"FILE_LOADED","resource":"foo.txt","status":"SUCCESS","details":{"fingerprint":"d67e2e944994496c8d8ec76eed0cf9f09679448d584b532bebf941852a37f5ed"},"hmac":"6090ab7bd9af1503f5e5a12b85a482268e194723994b7ebb9f975deb179b0cd1"}
{"timestamp":"2025-09-05T10:02:55.522Z","actor":"FileLoader","event":"FILE_LOAD_START","resource":"foo.txt","status":"INIT","hmac":"06a5264333ca3fbb14093e969053d20b0dc79e551e991373f1294f7a18ba3bc6"}
{"timestamp":"2025-09-05T10:02:58.127Z","actor":"FileLoader","event":"FILE_LOAD_START","resource":"test.json","status":"INIT","hmac":"846874e91f050cd2521f950acc8496bb3e488486621a18ec97cbb07feafcfe02"}
{"timestamp":"2025-09-05T10:02:58.130Z","actor":"FileLoader","event":"FILE_LOADED","resource":"test.json","status":"SUCCESS","details":{"fingerprint":"7a38bf81f383f69433ad6e900d35b3e2385593f76a7b7ab5d4355b8ba41ee24b"},"hmac":"b6fada48ede65424094ace59cec8afe429cba1c6d16653cc95efcbd04cccd806"}
{"timestamp":"2025-09-05T10:02:58.133Z","actor":"FileLoader","event":"FILE_LOAD_START","resource":"test.txt","status":"INIT","hmac":"bafa89b2e8abd234345d105bc4e4d82119378692ebbfab3fa63b93e4103869b6"}
{"timestamp":"2025-09-05T10:02:58.134Z","actor":"FileLoader","event":"FILE_LOADED","resource":"test.txt","status":"SUCCESS","details":{"fingerprint":"b94d27b9934d3e08a52e52d7da7dabfac484efe37a5380ee9088f7ace2efcde9"},"hmac":"d56080ed612405c45111d14853830ef50bd47f6100d81f0733981df5373dfc42"}
{"timestamp":"2025-09-05T10:02:58.134Z","actor":"FileLoader","event":"FILE_LOAD_START","resource":"nonexistent.ext","status":"INIT","hmac":"51742d8cec86546ba14e435428a3503019f84ac56ee571b195c1d10283f03a49"}
{"timestamp":"2025-09-05T10:02:58.135Z","actor":"FileLoader","event":"FILE_LOAD_ERROR","resource":"nonexistent.ext","status":"FAILURE","details":"ENOENT: no such file or directory, stat '/Users/ericguesdon/Documents/Documents - MacBook Pro de Eric/Personnel/Cahe/Eric/PMO/dist/tests/unitTest/fixtures/nonexistent.ext'","hmac":"5adf2ecc1bef4087fe6264c35355d30c3bfea0e70b21001af7b69cf1072d615c"}
{"timestamp":"2025-09-05T10:02:58.161Z","actor":"FileLoader","event":"FILE_LOAD_START","resource":"bad.json","status":"INIT","hmac":"bbead2f69bb84932b510100d5de124696d6a4d9b35042fcb54212ecaa1c907c4"}
{"timestamp":"2025-09-05T10:02:58.164Z","actor":"FileLoader","event":"FILE_LOADED","resource":"bad.json","status":"SUCCESS","details":{"fingerprint":"b6cf81a8432c92a3b45bb02e07990055d764b9fc76991a5924a994ea66496a77"},"hmac":"abfc060edf2e903f9112f938652b3ee80ddf9d72aab4b5fcb2ae13bac760831c"}
{"timestamp":"2025-09-05T10:02:58.166Z","actor":"FileLoader","event":"FILE_LOAD_START","resource":"bad.csv","status":"INIT","hmac":"c5b01121a2f611e57cb4706a39057c6e0477bec1951e988d33ca9c83626a6b96"}
{"timestamp":"2025-09-05T10:02:58.169Z","actor":"FileLoader","event":"FILE_LOADED","resource":"bad.csv","status":"SUCCESS","details":{"fingerprint":"08d13e84796370f80c6f3bd52710c8ac1e4ca194226ed70f422e22a3120f76e7"},"hmac":"92d5f09869b5b51990763542112f3ee74aafb4da0ae64c3b17fdd7c330958aef"}
{"timestamp":"2025-09-05T10:02:58.170Z","actor":"FileLoader","event":"FILE_LOAD_START","resource":"bad.xml","status":"INIT","hmac":"6f45b40e4884ecf0c2bbbe5274832cbe926c6373f7e74cebbeae70ffacad1c5b"}
{"timestamp":"2025-09-05T10:02:58.172Z","actor":"FileLoader","event":"FILE_LOADED","resource":"bad.xml","status":"SUCCESS","details":{"fingerprint":"2d6c4a09a5f59b76d95fddfbe63fd578624a8c9017adb7e62968fcd9ece43043"},"hmac":"fe50958b42b808dc409f88defe5eaafa4a6edff822fe1a9414b93403cc870a66"}
{"timestamp":"2025-09-05T10:02:58.193Z","actor":"FileLoader","event":"FILE_LOAD_START","resource":"audit_valid.json","status":"INIT","hmac":"e9799f343baf6670bde9966e5e7b780f872e742f2fe3623f513633e10b40d7e1"}
{"timestamp":"2025-09-05T10:02:58.196Z","actor":"FileLoader","event":"FILE_LOADED","resource":"audit_valid.json","status":"SUCCESS","details":{"fingerprint":"93a23971a914e5eacbf0a8d25154cda309c3c1c72fbb9914d47c60f3cb681588"},"hmac":"266ad99475b38d91a15291d866924e5d39b66878e7c77d568230d85b3af04c70"}
{"timestamp":"2025-09-05T10:02:58.197Z","actor":"FileLoader","event":"FILE_LOAD_START","resource":"audit_invalid.json","status":"INIT","hmac":"4a5aabd68f64dc7114cedeef828935d321603ab81a3266c6d60ef25b1db74412"}
{"timestamp":"2025-09-05T10:02:58.197Z","actor":"FileLoader","event":"FILE_LOAD_ERROR","resource":"audit_invalid.json","status":"FAILURE","details":"ENOENT: no such file or directory, stat '/Users/ericguesdon/Documents/Documents - MacBook Pro de Eric/Personnel/Cahe/Eric/PMO/dist/tests/unitTest/fixtures/audit_invalid.json'","hmac":"9552a2d2c30dfe695fa3989aab2307e62aacbb6d508e673ee411a92cb43cb758"}
{"timestamp":"2025-09-05T10:02:58.226Z","actor":"FileLoader","event":"FILE_LOAD_START","resource":"test.json","status":"INIT","hmac":"c53e79e854e5f348848916293218f080503284dddd8890e02a53b51c36e54186"}
{"timestamp":"2025-09-05T10:02:58.231Z","actor":"FileLoader","event":"FILE_LOADED","resource":"test.json","status":"SUCCESS","details":{"fingerprint":"7a38bf81f383f69433ad6e900d35b3e2385593f76a7b7ab5d4355b8ba41ee24b"},"hmac":"d689ccbcf5c161b89649f6d95ad24b56c98526ea3397477728f6d0001a3314e3"}
{"timestamp":"2025-09-05T10:02:58.233Z","actor":"FileLoader","event":"FILE_LOAD_START","resource":"missing.json","status":"INIT","hmac":"f383c1b4a6b1508d3e79c5c07bb8da2322f7b0920f3337d60a260232be3c6296"}
{"timestamp":"2025-09-05T10:02:58.235Z","actor":"FileLoader","event":"FILE_LOAD_ERROR","resource":"missing.json","status":"FAILURE","details":"ENOENT: no such file or directory, stat '/Users/ericguesdon/Documents/Documents - MacBook Pro de Eric/Personnel/Cahe/Eric/PMO/dist/tests/unitTest/fixtures/missing.json'","hmac":"2e5600080457ddffbf150ed71071c14dc1a1bb4a012dbc9286bb2c05db4557ac"}
{"timestamp":"2025-09-05T10:05:30.634Z","actor":"FileLoader","event":"FILE_LOAD_START","resource":"test.json","status":"INIT","hmac":"17f72f111bad112a3a7e652167a6b5d178f94fc86f719c425caec4f6d6fa5394"}
{"timestamp":"2025-09-05T10:05:30.637Z","actor":"FileLoader","event":"FILE_LOADED","resource":"test.json","status":"SUCCESS","details":{"fingerprint":"7a38bf81f383f69433ad6e900d35b3e2385593f76a7b7ab5d4355b8ba41ee24b"},"hmac":"8921d75e47c86b94547f0c1199ad17e48955c945d8c836c779d5fb8549f642cc"}
{"timestamp":"2025-09-05T10:05:30.638Z","actor":"FileLoader","event":"FILE_LOAD_START","resource":"test.json","status":"INIT","hmac":"65cdbbea8591906ea4453982790946bd59a9aeb9e3486752a27edb6fda7d5a0e"}
{"timestamp":"2025-09-05T10:05:30.641Z","actor":"FileLoader","event":"FILE_LOAD_START","resource":"test.json","status":"INIT","hmac":"181efa8bed8a42daf281a1fdb8a450bcb9fdd3277ecf7fda9058cf00cd3290e3"}
{"timestamp":"2025-09-05T10:05:30.646Z","actor":"FileLoader","event":"FILE_LOADED","resource":"test.json","status":"SUCCESS","details":{"fingerprint":"7a38bf81f383f69433ad6e900d35b3e2385593f76a7b7ab5d4355b8ba41ee24b"},"hmac":"a1839759c39bf555bfa7c03138c65ed2e13c608e5593d42c57d8bc678fd8fdcf"}
{"timestamp":"2025-09-05T10:05:30.646Z","actor":"FileLoader","event":"FILE_LOAD_START","resource":"other.json","status":"INIT","hmac":"e7b7e24bdd17926537a63c6cc6110c820d60bc09bb1e51bf0694702e11a5b23d"}
{"timestamp":"2025-09-05T10:05:30.647Z","actor":"FileLoader","event":"FILE_LOADED","resource":"other.json","status":"SUCCESS","details":{"fingerprint":"c450c726579d41e1daa46158c07c1ed4a81dddc5e8dcb96ad729bca95e0e6fac"},"hmac":"d3bab83dbb9fa7cd2321f00ca6ef6b9cbbb3843a939178cf78e670a5254ffc85"}
{"timestamp":"2025-09-05T10:05:30.647Z","actor":"FileLoader","event":"FILE_LOAD_START","resource":"test.json","status":"INIT","hmac":"aa185fc3b9f0c3b6f8ba9879a7f7ffbd3def2ce8e87de728d25b78dd329aa329"}
{"timestamp":"2025-09-05T10:05:30.664Z","actor":"FileLoader","event":"FILE_LOAD_STREAM_START","resource":"stream.txt","status":"INIT","hmac":"71486f941aad63db4388ef177e582dfbdee201ea421b94852642bf12f7122d87"}
{"timestamp":"2025-09-05T10:05:30.667Z","actor":"FileLoader","event":"FILE_LOAD_STREAM_END","resource":"stream.txt","status":"SUCCESS","hmac":"b77931b01b24ee34806c3bef5af33af231ec250813174608a8b978d1395b6b59"}
{"timestamp":"2025-09-05T10:05:30.672Z","actor":"FileLoader","event":"FILE_LOAD_START","resource":"test.json","status":"INIT","hmac":"38d960305edb6d52656ec503bf91d2704813e47cc02712dbb12213dc759e94af"}
{"timestamp":"2025-09-05T10:05:30.674Z","actor":"FileLoader","event":"FILE_LOAD_STREAM_START","resource":"stream.txt","status":"INIT","hmac":"26ba31a1ee6773e1aacde46a26017781bd478d440b7d4eaa39bab400be756555"}
{"timestamp":"2025-09-05T10:05:30.674Z","actor":"FileLoader","event":"FILE_LOAD_STREAM_END","resource":"stream.txt","status":"SUCCESS","hmac":"a12ff474c84825bd23739adf0ef60b89a2efccf75e42fb18026629ee55d2c02c"}
{"timestamp":"2025-09-05T10:05:30.675Z","actor":"FileLoader","event":"FILE_LOADED","resource":"test.json","status":"SUCCESS","details":{"fingerprint":"7a38bf81f383f69433ad6e900d35b3e2385593f76a7b7ab5d4355b8ba41ee24b"},"hmac":"43bf8f99d26b16b19ee82e758bb5882dae26d327ae9d19af22efba6b1aabfbbc"}
{"timestamp":"2025-09-05T10:05:30.676Z","actor":"FileLoader","event":"FILE_LOAD_START","resource":"test.txt","status":"INIT","hmac":"92be3b7634b9de9d40303112f199a1eb8ff89e6afa0e2a850a7dd79b970e2438"}
{"timestamp":"2025-09-05T10:05:30.677Z","actor":"FileLoader","event":"FILE_LOADED","resource":"test.txt","status":"SUCCESS","details":{"fingerprint":"b94d27b9934d3e08a52e52d7da7dabfac484efe37a5380ee9088f7ace2efcde9"},"hmac":"f293d08ae951fba050233fad823371c6d49a8b100d78981095a9e1d3c673f57a"}
{"timestamp":"2025-09-05T10:05:30.677Z","actor":"FileLoader","event":"FILE_LOAD_START","resource":"nonexistent.ext","status":"INIT","hmac":"d2194a4e65bfddace06bdbb3ca931ba7e023d4760cc22f758595ac9b81b613cf"}
{"timestamp":"2025-09-05T10:05:30.678Z","actor":"FileLoader","event":"FILE_LOAD_STREAM_START","resource":"nope.txt","status":"INIT","hmac":"0bf0e20a52b57c81f37839bae402ec4e54bd2a11f19fd4758d9261c04945ca8c"}
{"timestamp":"2025-09-05T10:05:30.678Z","actor":"FileLoader","event":"FILE_LOAD_STREAM_END","resource":"nope.txt","status":"SUCCESS","hmac":"3ecf4fb9172bf018fae45454f8c8567a509b7e21575588ee7a07623d99861e08"}
{"timestamp":"2025-09-05T10:05:30.677Z","actor":"FileLoader","event":"FILE_LOAD_START","resource":"foo.txt","status":"INIT","hmac":"b729c22385617d54e734cd6462aa0fc1a549bc5c4608d0cc5440652bdc3eb808"}
{"timestamp":"2025-09-05T10:05:30.677Z","actor":"FileLoader","event":"FILE_LOAD_START","resource":"bad.json","status":"INIT","hmac":"f1bfbde4a4391eb823b8a9972a2a5578b7601468ce514da7cae1825caae90fd4"}
{"timestamp":"2025-09-05T10:05:30.677Z","actor":"FileLoader","event":"FILE_LOAD_START","resource":"reload.txt","status":"INIT","hmac":"f2d92ab6d2a0fa728313cf021ba69456750eb9142f48387ffd6e0c177d45f78c"}
{"timestamp":"2025-09-05T10:05:30.680Z","actor":"FileLoader","event":"FILE_LOADED","resource":"foo.txt","status":"SUCCESS","details":{"fingerprint":"ac1b5c0961a7269b6a053ee64276ed0e20a7f48aefb9f67519539d23aaf10149"},"hmac":"f06fb3931a8b684c8b078da1f6cfa4921cfbf42aebf667127de7b4949aceafa3"}
{"timestamp":"2025-09-05T10:05:30.678Z","actor":"FileLoader","event":"FILE_LOAD_ERROR","resource":"nonexistent.ext","status":"FAILURE","details":"ENOENT: no such file or directory, stat '/Users/ericguesdon/Documents/Documents - MacBook Pro de Eric/Personnel/Cahe/Eric/PMO/dist/tests/unitTest/fixtures/nonexistent.ext'","hmac":"28aaa3373d429bee8d28bbdfde5db540d7c78f0fa0dfe0b62f1ce3d3447bb7b1"}
{"timestamp":"2025-09-05T10:05:30.680Z","actor":"FileLoader","event":"FILE_LOAD_START","resource":"foo.txt","status":"INIT","hmac":"48d2c973468b32978c58b5951e21fad1836cb7fa3187817d90ef28e19b057132"}
{"timestamp":"2025-09-05T10:05:30.680Z","actor":"FileLoader","event":"FILE_LOADED","resource":"bad.json","status":"SUCCESS","details":{"fingerprint":"b6cf81a8432c92a3b45bb02e07990055d764b9fc76991a5924a994ea66496a77"},"hmac":"297135f944786046e76210ce2b01610c6a9850e8ce8820a973be5320c1d143ff"}
{"timestamp":"2025-09-05T10:05:30.682Z","actor":"FileLoader","event":"FILE_LOAD_START","resource":"bad.csv","status":"INIT","hmac":"3419dcfd8959cae725adecfa8201318bb784e6d24971ec168ea28866fc9f197c"}
{"timestamp":"2025-09-05T10:05:30.677Z","actor":"FileLoader","event":"FILE_LOADED","resource":"reload.txt","status":"SUCCESS","details":{"fingerprint":"ac1b5c0961a7269b6a053ee64276ed0e20a7f48aefb9f67519539d23aaf10149"},"hmac":"54573a8afe23e5dab24efa2b6e2d2cf79150ffe523732b573ecf5da20c87420c"}
{"timestamp":"2025-09-05T10:05:30.677Z","actor":"FileLoader","event":"FILE_LOAD_START","resource":"reload.txt","status":"INIT","hmac":"f2d92ab6d2a0fa728313cf021ba69456750eb9142f48387ffd6e0c177d45f78c"}
{"timestamp":"2025-09-05T10:05:30.683Z","actor":"FileLoader","event":"FILE_LOAD_START","resource":"foo.txt","status":"INIT","hmac":"438f54b22f3de502f8f038b1da8ca3f96956ec7e84c5b0784ec8a9032d131b4d"}
{"timestamp":"2025-09-05T10:05:30.684Z","actor":"FileLoader","event":"FILE_LOAD_START","resource":"reload.txt","status":"INIT","hmac":"9c1ec6544d0450cb0a8ddbd8468c8b7bd51c4026ec614242b528c21e1633046b"}
{"timestamp":"2025-09-05T10:05:30.686Z","actor":"FileLoader","event":"FILE_LOADED","resource":"foo.txt","status":"SUCCESS","details":{"fingerprint":"d67e2e944994496c8d8ec76eed0cf9f09679448d584b532bebf941852a37f5ed"},"hmac":"6b222b9232c1ba0735446bfd3d765a69aa2ee10b16e3ea63585dc7766bb83bef"}
{"timestamp":"2025-09-05T10:05:30.687Z","actor":"FileLoader","event":"FILE_LOAD_START","resource":"foo.txt","status":"INIT","hmac":"80aed93409422b0d75469578531a182675ac14db6a1c65edd9a4647b3f56cc5e"}
{"timestamp":"2025-09-05T10:05:30.687Z","actor":"FileLoader","event":"FILE_LOAD_START","resource":"bad.xml","status":"INIT","hmac":"ca9ffebbf1f38d8cb899c83cb9b47692e3123ad73c75707ea83a324444c3e2b3"}
{"timestamp":"2025-09-05T10:05:30.687Z","actor":"FileLoader","event":"FILE_LOADED","resource":"bad.csv","status":"SUCCESS","details":{"fingerprint":"08d13e84796370f80c6f3bd52710c8ac1e4ca194226ed70f422e22a3120f76e7"},"hmac":"2042548126149c6c5ee13373eb82ca15bad8143aefc1d2d438b101232d72a0a9"}
{"timestamp":"2025-09-05T10:05:30.693Z","actor":"FileLoader","event":"FILE_LOADED","resource":"bad.xml","status":"SUCCESS","details":{"fingerprint":"2d6c4a09a5f59b76d95fddfbe63fd578624a8c9017adb7e62968fcd9ece43043"},"hmac":"5d7266fe2f9daba65b7ba453a8bb756c63019c87031fee6534dc42a1db6d7e1d"}
{"timestamp":"2025-09-05T10:05:30.684Z","actor":"FileLoader","event":"FILE_LOADED","resource":"reload.txt","status":"SUCCESS","details":{"fingerprint":"ac1b5c0961a7269b6a053ee64276ed0e20a7f48aefb9f67519539d23aaf10149"},"hmac":"997984d0eff06a008004634aa6c765f384080a6a6f93e159e98e0a58079f58cc"}
{"timestamp":"2025-09-05T10:05:30.713Z","actor":"FileLoader","event":"FILE_LOAD_START","resource":"audit_valid.json","status":"INIT","hmac":"0f63355f7c9661b1b33a6bd136c3505fb53a3821923d2fa9b296c71cb745df71"}
{"timestamp":"2025-09-05T10:05:30.715Z","actor":"FileLoader","event":"FILE_LOADED","resource":"audit_valid.json","status":"SUCCESS","details":{"fingerprint":"93a23971a914e5eacbf0a8d25154cda309c3c1c72fbb9914d47c60f3cb681588"},"hmac":"8e96f95c340b0dff4cc30ff6c653b84f5186acec68dc5667029613bb7927c0a1"}
{"timestamp":"2025-09-05T10:05:30.718Z","actor":"FileLoader","event":"FILE_LOAD_START","resource":"audit_invalid.json","status":"INIT","hmac":"06d4fc3a6c4085309c2af29d2c7767e2473661f9da9a99a9b6978bd5fd498c08"}
{"timestamp":"2025-09-05T10:05:30.720Z","actor":"FileLoader","event":"FILE_LOAD_ERROR","resource":"audit_invalid.json","status":"FAILURE","details":"ENOENT: no such file or directory, stat '/Users/ericguesdon/Documents/Documents - MacBook Pro de Eric/Personnel/Cahe/Eric/PMO/dist/tests/unitTest/fixtures/audit_invalid.json'","hmac":"56056d02deff0787cf6440e220230f946443f113851044bafac0ee5cc761ff75"}
{"timestamp":"2025-09-05T10:05:30.727Z","actor":"FileLoader","event":"FILE_LOAD_START","resource":"test.json","status":"INIT","hmac":"1462ae87ba217e259614dfe536469f144d90335b2410bc152beb9d51a15d298c"}
{"timestamp":"2025-09-05T10:05:30.736Z","actor":"FileLoader","event":"FILE_LOADED","resource":"test.json","status":"SUCCESS","details":{"fingerprint":"7a38bf81f383f69433ad6e900d35b3e2385593f76a7b7ab5d4355b8ba41ee24b"},"hmac":"e049b0e61838085c64b19dc7bf5bccbb82ccedb3ec5a6ae7294411bd3aac1fa1"}
{"timestamp":"2025-09-05T10:05:30.739Z","actor":"FileLoader","event":"FILE_LOAD_START","resource":"missing.json","status":"INIT","hmac":"567e9c7cccc5979fb2c9e75bb2ce7abc9d34eefdb1794ae9ea2bda98c62d77ec"}
{"timestamp":"2025-09-05T10:05:30.745Z","actor":"FileLoader","event":"FILE_LOAD_ERROR","resource":"missing.json","status":"FAILURE","details":"ENOENT: no such file or directory, stat '/Users/ericguesdon/Documents/Documents - MacBook Pro de Eric/Personnel/Cahe/Eric/PMO/dist/tests/unitTest/fixtures/missing.json'","hmac":"c95e907f3abd0e476c1a33e0e0d12b46113fe75ae58035664606eebc6740634a"}
{"timestamp":"2025-09-05T10:05:56.419Z","actor":"FileLoader","event":"FILE_LOAD_START","resource":"foo.txt","status":"INIT","hmac":"3df83f2071f1ef16e85e214a0d1394e8021c7a498cba619aa5e986db8925723f"}
{"timestamp":"2025-09-05T10:05:56.422Z","actor":"FileLoader","event":"FILE_LOADED","resource":"foo.txt","status":"SUCCESS","details":{"fingerprint":"ac1b5c0961a7269b6a053ee64276ed0e20a7f48aefb9f67519539d23aaf10149"},"hmac":"07d46c516f8e63f49df8e5d15b1a983df2ec09df0782c619a63771cbe2c3b01d"}
{"timestamp":"2025-09-05T10:05:56.422Z","actor":"FileLoader","event":"FILE_LOAD_START","resource":"foo.txt","status":"INIT","hmac":"eb0ad0175386d97804e33d6597c23145611b4d61059ec86bff7d3ce57a41a66a"}
{"timestamp":"2025-09-05T10:05:56.423Z","actor":"FileLoader","event":"FILE_LOAD_STREAM_START","resource":"stream.txt","status":"INIT","hmac":"183ec2d17bab69e7ed629103979c5b88545dae2f5a99e37340853d8f7b2b25ba"}
{"timestamp":"2025-09-05T10:05:56.424Z","actor":"FileLoader","event":"FILE_LOAD_STREAM_END","resource":"stream.txt","status":"SUCCESS","hmac":"f99283f10e5d573dcb57e914cd671913d78519d43de504d0e940e4e12adcba8e"}
{"timestamp":"2025-09-05T10:05:56.425Z","actor":"FileLoader","event":"FILE_LOAD_START","resource":"foo.txt","status":"INIT","hmac":"9c3d5f10ba6875a683d27e3485ca7dfaafc8454751f3918310bc5bc3a08ebe15"}
{"timestamp":"2025-09-05T10:05:56.425Z","actor":"FileLoader","event":"FILE_LOADED","resource":"foo.txt","status":"SUCCESS","details":{"fingerprint":"d67e2e944994496c8d8ec76eed0cf9f09679448d584b532bebf941852a37f5ed"},"hmac":"72cb94aea6179e06061caad76aac7ecf88b6685b14f1faf877592b5131c86b94"}
{"timestamp":"2025-09-05T10:05:56.428Z","actor":"FileLoader","event":"FILE_LOAD_START","resource":"bad.json","status":"INIT","hmac":"d1189d0d061b12ef10a6b1ece62cf77cfd355cd092e1b533a16bfc0fa47371f6"}
{"timestamp":"2025-09-05T10:05:56.430Z","actor":"FileLoader","event":"FILE_LOAD_STREAM_START","resource":"stream.txt","status":"INIT","hmac":"cc2c5f4366b54a79cd383d6c1d158352e8d9bc00cb6023d98675b1a3677d0e33"}
{"timestamp":"2025-09-05T10:05:56.430Z","actor":"FileLoader","event":"FILE_LOAD_STREAM_END","resource":"stream.txt","status":"SUCCESS","hmac":"687961eeea323267d9394b5638165699e6e1a7fc7343e6f7abc1f499eadff633"}
{"timestamp":"2025-09-05T10:05:56.431Z","actor":"FileLoader","event":"FILE_LOADED","resource":"bad.json","status":"SUCCESS","details":{"fingerprint":"b6cf81a8432c92a3b45bb02e07990055d764b9fc76991a5924a994ea66496a77"},"hmac":"8090dfbc8d10cc2c79fba991fc742b15abec04b7d324ed86c361213caa5b7459"}
{"timestamp":"2025-09-05T10:05:56.432Z","actor":"FileLoader","event":"FILE_LOAD_START","resource":"bad.csv","status":"INIT","hmac":"ed3416c4cecdeeaa831bcaf76ac5a6f7f5950dd6f6a7678599810735b55df4bf"}
{"timestamp":"2025-09-05T10:05:56.434Z","actor":"FileLoader","event":"FILE_LOAD_STREAM_START","resource":"nope.txt","status":"INIT","hmac":"6dcb06eca9331de43908bf32cbc14acbd5d55d072f3849bbbfaf60c4f30d3e29"}
{"timestamp":"2025-09-05T10:05:56.434Z","actor":"FileLoader","event":"FILE_LOAD_STREAM_END","resource":"nope.txt","status":"SUCCESS","hmac":"0c8798c6adc1a8ea5231131d759dd6cf1eaacb0c539c387665e11af52bd2b661"}
{"timestamp":"2025-09-05T10:05:56.435Z","actor":"FileLoader","event":"FILE_LOADED","resource":"bad.csv","status":"SUCCESS","details":{"fingerprint":"08d13e84796370f80c6f3bd52710c8ac1e4ca194226ed70f422e22a3120f76e7"},"hmac":"eacb00ad49a039c666e3e14c9c75b1c01a4d824a43373e8ab1c646d28651017e"}
{"timestamp":"2025-09-05T10:05:56.436Z","actor":"FileLoader","event":"FILE_LOAD_START","resource":"bad.xml","status":"INIT","hmac":"85762949af982b6844b465761ad2319fb17a81b6a84433db9b26bf667324279a"}
{"timestamp":"2025-09-05T10:05:56.436Z","actor":"FileLoader","event":"FILE_LOADED","resource":"bad.xml","status":"SUCCESS","details":{"fingerprint":"2d6c4a09a5f59b76d95fddfbe63fd578624a8c9017adb7e62968fcd9ece43043"},"hmac":"11e0418b5e0d09e59685aeddfe6f83b90d994392840fb7a45a68f03c7584a57b"}
{"timestamp":"2025-09-05T10:05:56.437Z","actor":"FileLoader","event":"FILE_LOAD_START","resource":"reload.txt","status":"INIT","hmac":"233a951122f9debc318a7d023ec0e27e3a4b6febd26e85b1e99942232ab8e0c6"}
{"timestamp":"2025-09-05T10:05:56.440Z","actor":"FileLoader","event":"FILE_LOAD_START","resource":"test.json","status":"INIT","hmac":"486dd66601a25b20d1bc1d6e509e9dacda73b33680a77249ff8f99ead7bb44b7"}
{"timestamp":"2025-09-05T10:05:56.437Z","actor":"FileLoader","event":"FILE_LOADED","resource":"reload.txt","status":"SUCCESS","details":{"fingerprint":"ac1b5c0961a7269b6a053ee64276ed0e20a7f48aefb9f67519539d23aaf10149"},"hmac":"e557b65c6e51dfde3fdf5598dc75f36b168e51c412b4b6a68da5db9a058ca6f0"}
{"timestamp":"2025-09-05T10:05:56.437Z","actor":"FileLoader","event":"FILE_LOAD_START","resource":"reload.txt","status":"INIT","hmac":"233a951122f9debc318a7d023ec0e27e3a4b6febd26e85b1e99942232ab8e0c6"}
{"timestamp":"2025-09-05T10:05:56.442Z","actor":"FileLoader","event":"FILE_LOADED","resource":"test.json","status":"SUCCESS","details":{"fingerprint":"7a38bf81f383f69433ad6e900d35b3e2385593f76a7b7ab5d4355b8ba41ee24b"},"hmac":"5e49f9e11e79fac6df12d9a1e9793b731ef31384e1c163cc33947496fad47dbd"}
{"timestamp":"2025-09-05T10:05:56.443Z","actor":"FileLoader","event":"FILE_LOAD_START","resource":"reload.txt","status":"INIT","hmac":"83c5be830db3b0a76da004835739c61aaab3643e6653ffe29a64b87e23c983b2"}
{"timestamp":"2025-09-05T10:05:56.426Z","actor":"FileLoader","event":"FILE_LOAD_START","resource":"foo.txt","status":"INIT","hmac":"abe474158f68e50bfc0c54e25c45af3eb3e8330ea8cd9991049c2eb3b984c54a"}
{"timestamp":"2025-09-05T10:05:56.443Z","actor":"FileLoader","event":"FILE_LOAD_START","resource":"test.json","status":"INIT","hmac":"c3e5226efece9a939bb3788f0578460a16eb0792f81c9060d2eef6cbf9321aa9"}
{"timestamp":"2025-09-05T10:05:56.445Z","actor":"FileLoader","event":"FILE_LOAD_START","resource":"test.json","status":"INIT","hmac":"d58495905581d6a7942fdaafa9df2d914a59f71c366298f989cb6e9d8e76ede4"}
{"timestamp":"2025-09-05T10:05:56.446Z","actor":"FileLoader","event":"FILE_LOADED","resource":"test.json","status":"SUCCESS","details":{"fingerprint":"7a38bf81f383f69433ad6e900d35b3e2385593f76a7b7ab5d4355b8ba41ee24b"},"hmac":"8fd18574770d1c5e3020ad7b7882f1226fd59535616b9addeef2fe8210428cb3"}
{"timestamp":"2025-09-05T10:05:56.446Z","actor":"FileLoader","event":"FILE_LOAD_START","resource":"other.json","status":"INIT","hmac":"92a7041190b9772b06716c2ce80a7f775518c6ce057b6e10abc1b49a7c3ebd80"}
{"timestamp":"2025-09-05T10:05:56.446Z","actor":"FileLoader","event":"FILE_LOADED","resource":"other.json","status":"SUCCESS","details":{"fingerprint":"c450c726579d41e1daa46158c07c1ed4a81dddc5e8dcb96ad729bca95e0e6fac"},"hmac":"02460614f761902a3d37a458204944fcc9607a756fb9c6126b46999f8cb8956c"}
{"timestamp":"2025-09-05T10:05:56.447Z","actor":"FileLoader","event":"FILE_LOAD_START","resource":"test.json","status":"INIT","hmac":"c3d3fd6caec65f678a7bf60df93a8e291de3a5b37f86d146c7def439379f32bf"}
{"timestamp":"2025-09-05T10:05:56.470Z","actor":"FileLoader","event":"FILE_LOAD_START","resource":"test.json","status":"INIT","hmac":"181be4fba363f1dba8cd87117e616501fa4a529abe414beaa5e8ec68299b7a16"}
{"timestamp":"2025-09-05T10:05:56.472Z","actor":"FileLoader","event":"FILE_LOADED","resource":"test.json","status":"SUCCESS","details":{"fingerprint":"7a38bf81f383f69433ad6e900d35b3e2385593f76a7b7ab5d4355b8ba41ee24b"},"hmac":"1d844953ed1731a035de58c5a14a6e90b5fb570c0f96e350aad51fbfe7dea2e0"}
{"timestamp":"2025-09-05T10:05:56.474Z","actor":"FileLoader","event":"FILE_LOAD_START","resource":"test.txt","status":"INIT","hmac":"f09e0af8ac3e6f47dc3012bfed8c33518accecb4469d0d18e9e02161de29b4e8"}
{"timestamp":"2025-09-05T10:05:56.475Z","actor":"FileLoader","event":"FILE_LOADED","resource":"test.txt","status":"SUCCESS","details":{"fingerprint":"b94d27b9934d3e08a52e52d7da7dabfac484efe37a5380ee9088f7ace2efcde9"},"hmac":"e1494b93536cf7e250c8640a022c9e82f4556bfeb2e87e4405742aaa0a37c4db"}
{"timestamp":"2025-09-05T10:05:56.476Z","actor":"FileLoader","event":"FILE_LOAD_START","resource":"nonexistent.ext","status":"INIT","hmac":"f1704673a56ab4a5eb262b2aa43af09ce4286e5dc0b90ac24d5d1cd3601b85e7"}
{"timestamp":"2025-09-05T10:05:56.476Z","actor":"FileLoader","event":"FILE_LOAD_ERROR","resource":"nonexistent.ext","status":"FAILURE","details":"ENOENT: no such file or directory, stat '/Users/ericguesdon/Documents/Documents - MacBook Pro de Eric/Personnel/Cahe/Eric/PMO/dist/tests/unitTest/fixtures/nonexistent.ext'","hmac":"73039230448939248df53b9e59d4cea75859452bf03cbb8dae502c4badfce919"}
{"timestamp":"2025-09-05T10:05:56.483Z","actor":"FileLoader","event":"FILE_LOAD_START","resource":"test.json","status":"INIT","hmac":"6ec516d90016391e8428556b43531b7f5d75432404c86dce0cc5dac387e33728"}
{"timestamp":"2025-09-05T10:05:56.484Z","actor":"FileLoader","event":"FILE_LOADED","resource":"test.json","status":"SUCCESS","details":{"fingerprint":"7a38bf81f383f69433ad6e900d35b3e2385593f76a7b7ab5d4355b8ba41ee24b"},"hmac":"533a451bdf105a32e5da91f6ef1bb5d08abde7958f1c6e692baf2f688fc49a0a"}
{"timestamp":"2025-09-05T10:05:56.487Z","actor":"FileLoader","event":"FILE_LOAD_START","resource":"missing.json","status":"INIT","hmac":"284145d2fde55383bcf747c4fe38aa22137a72a6c7d413c76207c80988fe35b0"}
{"timestamp":"2025-09-05T10:05:56.488Z","actor":"FileLoader","event":"FILE_LOAD_ERROR","resource":"missing.json","status":"FAILURE","details":"ENOENT: no such file or directory, stat '/Users/ericguesdon/Documents/Documents - MacBook Pro de Eric/Personnel/Cahe/Eric/PMO/dist/tests/unitTest/fixtures/missing.json'","hmac":"808067bda719efab81e1c618deb640be8590ef8ce5c07b26c0cd46c63a5beae0"}
{"timestamp":"2025-09-05T10:05:56.443Z","actor":"FileLoader","event":"FILE_LOADED","resource":"reload.txt","status":"SUCCESS","details":{"fingerprint":"ac1b5c0961a7269b6a053ee64276ed0e20a7f48aefb9f67519539d23aaf10149"},"hmac":"2866fb965595b4b54ef886e81b26eb1d0b2d463c7b9811826b6117a956c7fd50"}
{"timestamp":"2025-09-05T10:05:56.516Z","actor":"FileLoader","event":"FILE_LOAD_START","resource":"audit_valid.json","status":"INIT","hmac":"9d0efb86f3dac7404af6a98a939cb7736efa7b39e4475e1ed18c3031fed92cd8"}
{"timestamp":"2025-09-05T10:05:56.517Z","actor":"FileLoader","event":"FILE_LOADED","resource":"audit_valid.json","status":"SUCCESS","details":{"fingerprint":"93a23971a914e5eacbf0a8d25154cda309c3c1c72fbb9914d47c60f3cb681588"},"hmac":"1bde2a1a1db9625781207cbc128a659632c11b5207bc76c77eabbbe9dd2b4b7d"}
{"timestamp":"2025-09-05T10:05:56.518Z","actor":"FileLoader","event":"FILE_LOAD_START","resource":"audit_invalid.json","status":"INIT","hmac":"04907970688f82b1dc0fe50010c56f7d3856e68c9c75622051298e98588140cb"}
{"timestamp":"2025-09-05T10:05:56.519Z","actor":"FileLoader","event":"FILE_LOAD_ERROR","resource":"audit_invalid.json","status":"FAILURE","details":"ENOENT: no such file or directory, stat '/Users/ericguesdon/Documents/Documents - MacBook Pro de Eric/Personnel/Cahe/Eric/PMO/dist/tests/unitTest/fixtures/audit_invalid.json'","hmac":"87e2144c4b8c08ee54913df3427662606bd70c47a13f906c3cbfe3bae5ee5805"}
